FoodTracker-master-master-2/app/build/intermediates/manifest_merge_blame_file/debug/manifest-merger-blame-debug-report.txt
1<?xml version="1.0" encoding="utf-8"?>
2<manifest xmlns:android="http://schemas.android.com/apk/res/android"
3    package="com.foodtracker.foodoasis"
4    android:versionCode="1"
5    android:versionName="1.0" >
6
7    <uses-sdk
8        android:minSdkVersion="24"
8-->src/main/AndroidManifest.xml
9        android:targetSdkVersion="29" />
9-->src/main/AndroidManifest.xml
10
11    <uses-permission android:name="android.permission.ACCESS_FINE_LOCATION" />
11-->src/main/AndroidManifest.xml:6:5-78
11-->src/main/AndroidManifest.xml:6:22-76
12    <uses-permission android:name="android.permission.ACCESS_COARSE_LOCATION" />
12-->src/main/AndroidManifest.xml:7:5-80
12-->src/main/AndroidManifest.xml:7:22-78
13    <uses-permission android:name="android.permission.INTERNET" />
13-->src/main/AndroidManifest.xml:8:5-66
13-->src/main/AndroidManifest.xml:8:22-64
14
15    <application
15-->src/main/AndroidManifest.xml:10:5-40:19
16        android:allowBackup="true"
16-->src/main/AndroidManifest.xml:11:9-35
17        android:appComponentFactory="androidx.core.app.CoreComponentFactory"
17-->[androidx.core:core:1.1.0] AndroidManifest.xml:24:18-86
18        android:debuggable="true"
19        android:icon="@mipmap/ic_launcher"
19-->src/main/AndroidManifest.xml:12:9-43
20        android:label="@string/app_name"
20-->src/main/AndroidManifest.xml:13:9-41
21        android:roundIcon="@mipmap/ic_launcher_round"
21-->src/main/AndroidManifest.xml:14:9-54
22        android:supportsRtl="true"
22-->src/main/AndroidManifest.xml:15:9-35
23        android:theme="@style/AppTheme" >
23-->src/main/AndroidManifest.xml:16:9-40
24        <activity
24-->src/main/AndroidManifest.xml:18:9-20:20
25            android:name="com.foodtracker.foodoasis.VendorLogin"
25-->src/main/AndroidManifest.xml:18:19-46
26            android:parentActivityName="com.foodtracker.foodoasis.MainActivity" >
26-->src/main/AndroidManifest.xml:19:13-55
27        </activity>
28        <activity
28-->src/main/AndroidManifest.xml:22:9-25:20
29            android:name="com.foodtracker.foodoasis.VendorList"
29-->src/main/AndroidManifest.xml:22:19-45
30            android:parentActivityName="com.foodtracker.foodoasis.MainActivity" >
30-->src/main/AndroidManifest.xml:23:13-55
31        </activity>
32        <activity android:name="com.foodtracker.foodoasis.MainActivity" >
32-->src/main/AndroidManifest.xml:27:9-28:20
32-->src/main/AndroidManifest.xml:27:19-47
33        </activity>
34        <activity
34-->src/main/AndroidManifest.xml:30:9-38:20
35            android:name="com.foodtracker.foodoasis.SplashActivity"
35-->src/main/AndroidManifest.xml:31:13-43
36            android:theme="@style/Theme.AppCompat.NoActionBar" >
36-->src/main/AndroidManifest.xml:32:13-63
37            <intent-filter>
37-->src/main/AndroidManifest.xml:33:13-37:29
38                <action android:name="android.intent.action.MAIN" />
38-->src/main/AndroidManifest.xml:34:17-69
38-->src/main/AndroidManifest.xml:34:25-66
39
40                <category android:name="android.intent.category.LAUNCHER" />
40-->src/main/AndroidManifest.xml:36:17-77
40-->src/main/AndroidManifest.xml:36:27-74
41            </intent-filter>
42        </activity>
43    </application>
44
45</manifest>